2013-04-03 14:54:05,272 DEBUG temperature_hygro.py 80 ロギングデータ:01, 27.1, 28.2
2013-04-03 14:54:17,597 DEBUG temperature_hygro.py 80 ロギングデータ:01, 27.1, 28.2
2013-04-03 14:54:25,608 DEBUG temperature_surveillance.py 90 監視周期: 60分, 監視回数: 23回
2013-04-03 14:54:25,614 DEBUG temperature_surveillance.py 92 監視周期に達していません。
2013-04-03 14:54:32,145 DEBUG temperature_hygro.py 80 ロギングデータ:01, 27.1, 28.3
2013-04-03 14:54:44,867 DEBUG temperature_hygro.py 80 ロギングデータ:01, 27.1, 28.5
2013-04-03 14:54:59,624 DEBUG temperature_hygro.py 80 ロギングデータ:01, 27.1, 28.5
2013-04-03 14:55:11,540 DEBUG temperature_hygro.py 80 ロギングデータ:01, 27.0, 28.3
2013-04-03 14:55:21,740 DEBUG temperature_hygro.py 80 ロギングデータ:01, 27.0, 28.2
2013-04-03 14:55:25,727 DEBUG temperature_surveillance.py 90 監視周期: 60分, 監視回数: 24回
2013-04-03 14:55:25,732 DEBUG temperature_surveillance.py 92 監視周期に達していません。
2013-04-03 14:55:34,776 DEBUG temperature_hygro.py 80 ロギングデータ:01, 27.0, 28.2
2013-04-03 14:55:46,102 DEBUG temperature_hygro.py 80 ロギングデータ:01, 27.0, 28.5
2013-04-03 14:55:59,428 DEBUG temperature_hygro.py 80 ロギングデータ:01, 26.8, 28.2
2013-04-03 14:56:14,064 DEBUG temperature_hygro.py 80 ロギングデータ:01, 26.8, 28.3
2013-04-03 14:56:25,824 DEBUG temperature_surveillance.py 90 監視周期: 60分, 監視回数: 25回
2013-04-03 14:56:25,830 DEBUG temperature_surveillance.py 92 監視周期に達していません。
2013-04-03 14:56:27,894 DEBUG temperature_hygro.py 80 ロギングデータ:01, 26.7, 28.6
2013-04-03 14:56:39,517 DEBUG temperature_hygro.py 80 ロギングデータ:01, 26.8, 28.6
2013-04-03 14:56:51,634 DEBUG temperature_hygro.py 80 ロギングデータ:01, 26.8, 28.6
2013-04-03 14:57:03,666 DEBUG temperature_hygro.py 80 ロギングデータ:01, 26.8, 28.5
2013-04-03 14:57:14,168 DEBUG temperature_hygro.py 80 ロギングデータ:01, 27.0, 28.7
2013-04-03 14:57:24,973 DEBUG temperature_hygro.py 80 ロギングデータ:01, 27.0, 28.7
2013-04-03 14:57:25,949 DEBUG temperature_surveillance.py 90 監視周期: 60分, 監視回数: 26回
2013-04-03 14:57:25,955 DEBUG temperature_surveillance.py 92 監視周期に達していません。
2013-04-03 14:57:37,895 DEBUG temperature_hygro.py 80 ロギングデータ:01, 27.0, 28.7
2013-04-03 14:57:52,529 DEBUG temperature_hygro.py 80 ロギングデータ:01, 27.1, 28.7
2013-04-03 14:58:07,365 DEBUG temperature_hygro.py 80 ロギングデータ:01, 27.1, 28.6
2013-04-03 14:58:17,464 DEBUG temperature_hygro.py 80 ロギングデータ:01, 27.1, 28.7
2013-04-03 14:58:26,080 DEBUG temperature_surveillance.py 90 監視周期: 60分, 監視回数: 27回
2013-04-03 14:58:26,085 DEBUG temperature_surveillance.py 92 監視周期に達していません。
2013-04-03 14:58:27,577 DEBUG temperature_hygro.py 80 ロギングデータ:01, 27.1, 28.7
2013-04-03 14:58:39,611 DEBUG temperature_hygro.py 80 ロギングデータ:01, 27.1, 29.0
2013-04-03 14:58:49,719 DEBUG temperature_hygro.py 80 ロギングデータ:01, 27.1, 28.8
2013-04-03 14:59:04,756 DEBUG temperature_hygro.py 80 ロギングデータ:01, 27.1, 28.7
2013-04-03 14:59:19,594 DEBUG temperature_hygro.py 80 ロギングデータ:01, 27.2, 28.7
2013-04-03 14:59:26,202 DEBUG temperature_surveillance.py 90 監視周期: 60分, 監視回数: 28回
2013-04-03 14:59:26,208 DEBUG temperature_surveillance.py 92 監視周期に達していません。
2013-04-03 14:59:33,426 DEBUG temperature_hygro.py 80 ロギングデータ:01, 27.2, 28.6
2013-04-03 14:59:47,271 DEBUG temperature_hygro.py 80 ロギングデータ:01, 27.2, 28.3
2013-04-03 15:00:01,301 DEBUG temperature_hygro.py 80 ロギングデータ:01, 27.2, 28.3
2013-04-03 15:00:14,730 DEBUG temperature_hygro.py 80 ロギングデータ:01, 27.3, 28.3
2013-04-03 15:00:25,938 DEBUG temperature_hygro.py 80 ロギングデータ:01, 27.3, 28.3
2013-04-03 15:00:26,329 DEBUG temperature_surveillance.py 90 監視周期: 60分, 監視回数: 29回
2013-04-03 15:00:26,335 DEBUG temperature_surveillance.py 92 監視周期に達していません。
2013-04-03 15:00:36,844 DEBUG temperature_hygro.py 80 ロギングデータ:01, 27.3, 28.2
2013-04-03 15:00:48,153 DEBUG temperature_hygro.py 80 ロギングデータ:01, 27.5, 28.2
2013-04-03 15:00:59,563 DEBUG temperature_hygro.py 80 ロギングデータ:01, 27.5, 28.0
2013-04-03 15:01:13,794 DEBUG temperature_hygro.py 80 ロギングデータ:01, 27.5, 27.8
2013-04-03 15:01:26,457 DEBUG temperature_surveillance.py 90 監視周期: 60分, 監視回数: 30回
2013-04-03 15:01:26,463 DEBUG temperature_surveillance.py 92 監視周期に達していません。
2013-04-03 15:01:26,715 DEBUG temperature_hygro.py 80 ロギングデータ:01, 27.6, 27.7
2013-04-03 15:01:38,225 DEBUG temperature_hygro.py 80 ロギングデータ:01, 27.6, 27.7
2013-04-03 15:01:52,759 DEBUG temperature_hygro.py 80 ロギングデータ:01, 27.6, 27.6
2013-04-03 15:02:06,385 DEBUG temperature_hygro.py 80 ロギングデータ:01, 27.6, 27.6
2013-04-03 15:02:16,987 DEBUG temperature_hygro.py 80 ロギングデータ:01, 27.5, 27.6
2013-04-03 15:02:26,583 DEBUG temperature_surveillance.py 90 監視周期: 60分, 監視回数: 31回
2013-04-03 15:02:26,589 DEBUG temperature_surveillance.py 92 監視周期に達していません。
2013-04-03 15:02:27,188 DEBUG temperature_hygro.py 80 ロギングデータ:01, 27.5, 27.2
2013-04-03 15:02:38,598 DEBUG temperature_hygro.py 80 ロギングデータ:01, 27.5, 27.5
2013-04-03 15:02:50,411 DEBUG temperature_hygro.py 80 ロギングデータ:01, 27.3, 27.3
2013-04-03 15:03:05,246 DEBUG temperature_hygro.py 80 ロギングデータ:01, 27.2, 27.5
2013-04-03 15:03:19,074 DEBUG temperature_hygro.py 80 ロギングデータ:01, 27.2, 27.3
2013-04-03 15:03:26,709 DEBUG temperature_surveillance.py 90 監視周期: 60分, 監視回数: 32回
2013-04-03 15:03:26,714 DEBUG temperature_surveillance.py 92 監視周期に達していません。
2013-04-03 15:03:30,483 DEBUG temperature_hygro.py 80 ロギングデータ:01, 27.2, 27.7
2013-04-03 15:03:40,688 DEBUG temperature_hygro.py 80 ロギングデータ:01, 27.2, 27.8
2013-04-03 15:03:55,627 DEBUG temperature_hygro.py 80 ロギングデータ:01, 27.1, 28.1
2013-04-03 15:04:10,060 DEBUG temperature_hygro.py 80 ロギングデータ:01, 27.1, 28.2
2013-04-03 15:04:22,175 DEBUG temperature_hygro.py 80 ロギングデータ:01, 27.0, 28.2
2013-04-03 15:04:26,841 DEBUG temperature_surveillance.py 90 監視周期: 60分, 監視回数: 33回
2013-04-03 15:04:26,847 DEBUG temperature_surveillance.py 92 監視周期に達していません。
2013-04-03 15:04:32,684 DEBUG temperature_hygro.py 80 ロギングデータ:01, 27.0, 28.3
2013-04-03 15:04:45,908 DEBUG temperature_hygro.py 80 ロギングデータ:01, 26.8, 28.1
2013-04-03 15:04:56,311 DEBUG temperature_hygro.py 80 ロギングデータ:01, 26.7, 28.2
2013-04-03 15:05:10,139 DEBUG temperature_hygro.py 80 ロギングデータ:01, 26.7, 28.2
2013-04-03 15:05:20,944 DEBUG temperature_hygro.py 80 ロギングデータ:01, 26.7, 28.7
2013-04-03 15:05:26,961 DEBUG temperature_surveillance.py 90 監視周期: 60分, 監視回数: 34回
2013-04-03 15:05:26,967 DEBUG temperature_surveillance.py 92 監視周期に達していません。
2013-04-03 15:05:33,059 DEBUG temperature_hygro.py 80 ロギングデータ:01, 26.7, 28.8
2013-04-03 15:05:45,174 DEBUG temperature_hygro.py 80 ロギングデータ:01, 26.7, 29.0
2013-04-03 15:05:59,505 DEBUG temperature_hygro.py 80 ロギングデータ:01, 26.7, 29.0
2013-04-03 15:06:14,146 DEBUG temperature_hygro.py 80 ロギングデータ:01, 26.7, 29.0
2013-04-03 15:06:25,253 DEBUG temperature_hygro.py 80 ロギングデータ:01, 26.7, 29.0
2013-04-03 15:06:27,090 DEBUG temperature_surveillance.py 90 監視周期: 60分, 監視回数: 35回
2013-04-03 15:06:27,095 DEBUG temperature_surveillance.py 92 監視周期に達していません。
2013-04-03 15:06:35,957 DEBUG temperature_hygro.py 80 ロギングデータ:01, 26.7, 29.0
2013-04-03 15:06:46,568 DEBUG temperature_hygro.py 80 ロギングデータ:01, 26.7, 29.1
2013-04-03 15:06:57,693 DEBUG temperature_hygro.py 80 ロギングデータ:01, 26.7, 29.0
2013-04-03 15:07:10,408 DEBUG temperature_hygro.py 80 ロギングデータ:01, 26.7, 29.0
2013-04-03 15:07:24,342 DEBUG temperature_hygro.py 80 ロギングデータ:01, 26.7, 29.1
2013-04-03 15:07:27,213 DEBUG temperature_surveillance.py 90 監視周期: 60分, 監視回数: 36回
2013-04-03 15:07:27,219 DEBUG temperature_surveillance.py 92 監視周期に達していません。
2013-04-03 15:07:35,549 DEBUG temperature_hygro.py 80 ロギングデータ:01, 26.6, 29.2
2013-04-03 15:07:49,993 DEBUG temperature_hygro.py 80 ロギングデータ:01, 26.6, 29.2
2013-04-03 15:08:04,024 DEBUG temperature_hygro.py 80 ロギングデータ:01, 26.6, 29.2
2013-04-03 15:08:17,649 DEBUG temperature_hygro.py 80 ロギングデータ:01, 26.6, 29.2
2013-04-03 15:08:27,341 DEBUG temperature_surveillance.py 90 監視周期: 60分, 監視回数: 37回
2013-04-03 15:08:27,347 DEBUG temperature_surveillance.py 92 監視周期に達していません。
2013-04-03 15:08:29,362 DEBUG temperature_hygro.py 80 ロギングデータ:01, 26.6, 29.2
2013-04-03 15:08:39,571 DEBUG temperature_hygro.py 80 ロギングデータ:01, 26.6, 29.0
2013-04-03 15:08:51,282 DEBUG temperature_hygro.py 80 ロギングデータ:01, 26.6, 28.8
2013-04-03 15:09:04,828 DEBUG temperature_hygro.py 80 ロギングデータ:01, 26.5, 29.0
2013-04-03 15:09:15,735 DEBUG temperature_hygro.py 80 ロギングデータ:01, 26.5, 29.0
2013-04-03 15:09:26,036 DEBUG temperature_hygro.py 80 ロギングデータ:01, 26.5, 29.1
2013-04-03 15:09:27,477 DEBUG temperature_surveillance.py 90 監視周期: 60分, 監視回数: 38回
2013-04-03 15:09:27,483 DEBUG temperature_surveillance.py 92 監視周期に達していません。
2013-04-03 15:09:38,355 DEBUG temperature_hygro.py 80 ロギングデータ:01, 26.5, 29.2
2013-04-03 15:09:49,461 DEBUG temperature_hygro.py 80 ロギングデータ:01, 26.5, 29.1
2013-04-03 15:10:01,781 DEBUG temperature_hygro.py 80 ロギングデータ:01, 26.3, 29.1
2013-04-03 15:10:12,283 DEBUG temperature_hygro.py 80 ロギングデータ:01, 26.3, 29.0
2013-04-03 15:10:23,995 DEBUG temperature_hygro.py 80 ロギングデータ:01, 26.3, 28.8
2013-04-03 15:10:27,596 DEBUG temperature_surveillance.py 90 監視周期: 60分, 監視回数: 39回
2013-04-03 15:10:27,602 DEBUG temperature_surveillance.py 92 監視周期に達していません。
2013-04-03 15:10:34,599 DEBUG temperature_hygro.py 80 ロギングデータ:01, 26.3, 28.8
2013-04-03 15:10:48,531 DEBUG temperature_hygro.py 80 ロギングデータ:01, 26.3, 29.1
2013-04-03 15:11:00,142 DEBUG temperature_hygro.py 80 ロギングデータ:01, 26.3, 29.3
2013-04-03 15:11:14,191 DEBUG temperature_hygro.py 80 ロギングデータ:01, 26.5, 29.2
2013-04-03 15:11:26,308 DEBUG temperature_hygro.py 80 ロギングデータ:01, 26.5, 29.2
2013-04-03 15:11:27,722 DEBUG temperature_surveillance.py 90 監視周期: 60分, 監視回数: 40回
2013-04-03 15:11:27,729 DEBUG temperature_surveillance.py 92 監視周期に達していません。
2013-04-03 15:11:40,444 DEBUG temperature_hygro.py 80 ロギングデータ:01, 26.6, 29.1
2013-04-03 15:11:52,258 DEBUG temperature_hygro.py 80 ロギングデータ:01, 26.7, 28.8
2013-04-03 15:12:05,698 DEBUG temperature_hygro.py 80 ロギングデータ:01, 26.7, 28.8
2013-04-03 15:12:18,014 DEBUG temperature_hygro.py 80 ロギングデータ:01, 26.7, 28.7
2013-04-03 15:12:27,849 DEBUG temperature_surveillance.py 90 監視周期: 60分, 監視回数: 41回
2013-04-03 15:12:27,855 DEBUG temperature_surveillance.py 92 監視周期に達していません。
2013-04-03 15:12:28,517 DEBUG temperature_hygro.py 80 ロギングデータ:01, 26.7, 28.7
2013-04-03 15:12:41,644 DEBUG temperature_hygro.py 80 ロギングデータ:01, 26.8, 28.5
2013-04-03 15:12:54,978 DEBUG temperature_hygro.py 80 ロギングデータ:01, 26.8, 28.3
2013-04-03 15:13:05,180 DEBUG temperature_hygro.py 80 ロギングデータ:01, 27.0, 28.6
2013-04-03 15:13:19,311 DEBUG temperature_hygro.py 80 ロギングデータ:01, 27.1, 28.5
2013-04-03 15:13:27,927 DEBUG temperature_surveillance.py 90 監視周期: 60分, 監視回数: 42回
2013-04-03 15:13:27,933 DEBUG temperature_surveillance.py 92 監視周期に達していません。
2013-04-03 15:13:29,617 DEBUG temperature_hygro.py 80 ロギングデータ:01, 27.1, 28.3
2013-04-03 15:13:43,444 DEBUG temperature_hygro.py 80 ロギングデータ:01, 27.2, 28.3
2013-04-03 15:13:55,661 DEBUG temperature_hygro.py 80 ロギングデータ:01, 27.2, 28.2
2013-04-03 15:14:06,681 DEBUG temperature_hygro.py 80 ロギングデータ:01, 27.2, 28.1
2013-04-03 15:14:21,216 DEBUG temperature_hygro.py 80 ロギングデータ:01, 27.3, 28.0
2013-04-03 15:14:28,054 DEBUG temperature_surveillance.py 90 監視周期: 60分, 監視回数: 43回
2013-04-03 15:14:28,060 DEBUG temperature_surveillance.py 92 監視周期に達していません。
2013-04-03 15:14:32,828 DEBUG temperature_hygro.py 80 ロギングデータ:01, 27.3, 27.8
2013-04-03 15:14:45,551 DEBUG temperature_hygro.py 80 ロギングデータ:01, 27.3, 27.7
2013-04-03 15:14:59,078 DEBUG temperature_hygro.py 80 ロギングデータ:01, 27.3, 27.7
2013-04-03 15:15:10,701 DEBUG temperature_hygro.py 80 ロギングデータ:01, 27.3, 27.7
2013-04-03 15:15:23,055 DEBUG temperature_hygro.py 80 ロギングデータ:01, 27.2, 27.7
2013-04-03 15:15:28,162 DEBUG temperature_surveillance.py 90 監視周期: 60分, 監視回数: 44回
2013-04-03 15:15:28,177 DEBUG temperature_surveillance.py 92 監視周期に達していません。
2013-04-03 15:15:34,291 DEBUG temperature_hygro.py 80 ロギングデータ:01, 27.3, 27.8
2013-04-03 15:15:44,704 DEBUG temperature_hygro.py 80 ロギングデータ:01, 27.3, 27.8
2013-04-03 15:15:55,013 DEBUG temperature_hygro.py 80 ロギングデータ:01, 27.2, 27.8
2013-04-03 15:16:06,938 DEBUG temperature_hygro.py 80 ロギングデータ:01, 27.2, 27.8
2013-04-03 15:16:20,185 DEBUG temperature_hygro.py 80 ロギングデータ:01, 27.2, 27.8
2013-04-03 15:16:28,303 DEBUG temperature_surveillance.py 90 監視周期: 60分, 監視回数: 45回
2013-04-03 15:16:28,317 DEBUG temperature_surveillance.py 92 監視周期に達していません。
2013-04-03 15:16:33,442 DEBUG temperature_hygro.py 80 ロギングデータ:01, 27.2, 28.0
2013-04-03 15:16:46,390 DEBUG temperature_hygro.py 80 ロギングデータ:01, 27.2, 27.8
2013-04-03 15:17:01,248 DEBUG temperature_hygro.py 80 ロギングデータ:01, 27.2, 27.8
2013-04-03 15:17:13,176 DEBUG temperature_hygro.py 80 ロギングデータ:01, 27.2, 28.0
2013-04-03 15:17:26,811 DEBUG temperature_hygro.py 80 ロギングデータ:01, 27.2, 28.0
2013-04-03 15:17:28,412 DEBUG temperature_surveillance.py 90 監視周期: 60分, 監視回数: 46回
2013-04-03 15:17:28,427 DEBUG temperature_surveillance.py 92 監視周期に達していません。
2013-04-03 15:17:40,460 DEBUG temperature_hygro.py 80 ロギングデータ:01, 27.2, 28.1
2013-04-03 15:17:50,874 DEBUG temperature_hygro.py 80 ロギングデータ:01, 27.2, 28.1
2013-04-03 15:18:05,617 DEBUG temperature_hygro.py 80 ロギングデータ:01, 27.2, 28.1
2013-04-03 15:18:19,761 DEBUG temperature_hygro.py 80 ロギングデータ:01, 27.2, 28.1
2013-04-03 15:18:28,562 DEBUG temperature_surveillance.py 90 監視周期: 60分, 監視回数: 47回
2013-04-03 15:18:28,577 DEBUG temperature_surveillance.py 92 監視周期に達していません。
2013-04-03 15:18:34,811 DEBUG temperature_hygro.py 80 ロギングデータ:01, 27.2, 28.1
2013-04-03 15:18:45,021 DEBUG temperature_hygro.py 80 ロギングデータ:01, 27.1, 28.2
2013-04-03 15:18:59,967 DEBUG temperature_hygro.py 80 ロギングデータ:01, 27.1, 28.2
2013-04-03 15:19:14,907 DEBUG temperature_hygro.py 80 ロギングデータ:01, 27.1, 28.2
2013-04-03 15:19:28,750 DEBUG temperature_surveillance.py 90 監視周期: 60分, 監視回数: 48回
2013-04-03 15:19:28,772 DEBUG temperature_surveillance.py 92 監視周期に達していません。
2013-04-03 15:19:28,769 DEBUG temperature_hygro.py 80 ロギングデータ:01, 27.1, 28.2
2013-04-03 15:19:39,692 DEBUG temperature_hygro.py 80 ロギングデータ:01, 27.1, 28.2
2013-04-03 15:19:52,719 DEBUG temperature_hygro.py 80 ロギングデータ:01, 27.1, 28.3
2013-04-03 15:20:04,345 DEBUG temperature_hygro.py 80 ロギングデータ:01, 27.0, 28.3
2013-04-03 15:20:18,783 DEBUG temperature_hygro.py 80 ロギングデータ:01, 27.0, 28.5
2013-04-03 15:20:28,926 DEBUG temperature_surveillance.py 90 監視周期: 60分, 監視回数: 49回
2013-04-03 15:20:28,937 DEBUG temperature_surveillance.py 92 監視周期に達していません。
2013-04-03 15:20:32,741 DEBUG temperature_hygro.py 80 ロギングデータ:01, 27.0, 28.5
2013-04-03 15:20:43,461 DEBUG temperature_hygro.py 80 ロギングデータ:01, 27.0, 28.6
2013-04-03 15:20:54,477 DEBUG temperature_hygro.py 80 ロギングデータ:01, 26.8, 28.2
2013-04-03 15:21:09,521 DEBUG temperature_hygro.py 80 ロギングデータ:01, 26.8, 28.2
2013-04-03 15:21:20,338 DEBUG temperature_hygro.py 80 ロギングデータ:01, 26.8, 28.3
2013-04-03 15:21:29,068 DEBUG temperature_surveillance.py 90 監視周期: 60分, 監視回数: 50回
2013-04-03 15:21:29,087 DEBUG temperature_surveillance.py 92 監視周期に達していません。
2013-04-03 15:21:34,911 DEBUG temperature_hygro.py 80 ロギングデータ:01, 26.8, 28.3
2013-04-03 15:21:47,742 DEBUG temperature_hygro.py 80 ロギングデータ:01, 26.8, 28.3
2013-04-03 15:22:01,600 DEBUG temperature_hygro.py 80 ロギングデータ:01, 26.8, 28.2
2013-04-03 15:22:15,443 DEBUG temperature_hygro.py 80 ロギングデータ:01, 26.7, 28.2
2013-04-03 15:22:28,785 DEBUG temperature_hygro.py 80 ロギングデータ:01, 26.7, 28.1
2013-04-03 15:22:29,232 DEBUG temperature_surveillance.py 90 監視周期: 60分, 監視回数: 51回
2013-04-03 15:22:29,247 DEBUG temperature_surveillance.py 92 監視周期に達していません。
2013-04-03 15:22:42,922 DEBUG temperature_hygro.py 80 ロギングデータ:01, 26.7, 28.3
2013-04-03 15:22:56,960 DEBUG temperature_hygro.py 80 ロギングデータ:01, 26.7, 28.6
2013-04-03 15:23:07,173 DEBUG temperature_hygro.py 80 ロギングデータ:01, 26.7, 28.6
2013-04-03 15:23:20,608 DEBUG temperature_hygro.py 80 ロギングデータ:01, 26.7, 28.6
2013-04-03 15:23:29,448 DEBUG temperature_surveillance.py 90 監視周期: 60分, 監視回数: 52回
2013-04-03 15:23:29,477 DEBUG temperature_surveillance.py 92 監視周期に達していません。
2013-04-03 15:23:33,707 DEBUG temperature_hygro.py 80 ロギングデータ:01, 26.7, 28.3
2013-04-03 15:23:48,059 DEBUG temperature_hygro.py 80 ロギングデータ:01, 26.8, 28.2
2013-04-03 15:23:59,592 DEBUG temperature_hygro.py 80 ロギングデータ:01, 27.0, 28.5
2013-04-03 15:24:13,451 DEBUG temperature_hygro.py 80 ロギングデータ:01, 27.0, 28.5
2013-04-03 15:24:27,591 DEBUG temperature_hygro.py 80 ロギングデータ:01, 27.1, 28.2
2013-04-03 15:24:29,652 DEBUG temperature_surveillance.py 90 監視周期: 60分, 監視回数: 53回
2013-04-03 15:24:29,667 DEBUG temperature_surveillance.py 92 監視周期に達していません。
2013-04-03 15:24:38,007 DEBUG temperature_hygro.py 80 ロギングデータ:01, 27.1, 28.2
2013-04-03 15:24:49,034 DEBUG temperature_hygro.py 80 ロギングデータ:01, 27.1, 28.2
2013-04-03 15:25:02,477 DEBUG temperature_hygro.py 80 ロギングデータ:01, 27.2, 28.2
2013-04-03 15:25:14,193 DEBUG temperature_hygro.py 80 ロギングデータ:01, 27.2, 28.2
2013-04-03 15:25:28,544 DEBUG temperature_hygro.py 80 ロギングデータ:01, 27.2, 28.2
2013-04-03 15:25:29,812 DEBUG temperature_surveillance.py 90 監視周期: 60分, 監視回数: 54回
2013-04-03 15:25:29,827 DEBUG temperature_surveillance.py 92 監視周期に達していません。
2013-04-03 15:25:39,770 DEBUG temperature_hygro.py 80 ロギングデータ:01, 27.2, 28.2
2013-04-03 15:25:53,718 DEBUG temperature_hygro.py 80 ロギングデータ:01, 27.2, 28.2
2013-04-03 15:26:07,055 DEBUG temperature_hygro.py 80 ロギングデータ:01, 27.3, 28.2
2013-04-03 15:26:18,981 DEBUG temperature_hygro.py 80 ロギングデータ:01, 27.3, 28.1
2013-04-03 15:26:29,924 DEBUG temperature_surveillance.py 90 監視周期: 60分, 監視回数: 55回
2013-04-03 15:26:29,937 DEBUG temperature_surveillance.py 92 監視周期に達していません。
2013-04-03 15:26:32,625 DEBUG temperature_hygro.py 80 ロギングデータ:01, 27.3, 28.2
2013-04-03 15:26:44,953 DEBUG temperature_hygro.py 80 ロギングデータ:01, 27.3, 28.2
2013-04-03 15:26:56,775 DEBUG temperature_hygro.py 80 ロギングデータ:01, 27.3, 28.2
2013-04-03 15:27:09,098 DEBUG temperature_hygro.py 80 ロギングデータ:01, 27.3, 28.2
2013-04-03 15:27:22,033 DEBUG temperature_hygro.py 80 ロギングデータ:01, 27.5, 28.1
2013-04-03 15:27:30,080 DEBUG temperature_surveillance.py 90 監視周期: 60分, 監視回数: 56回
2013-04-03 15:27:30,097 DEBUG temperature_surveillance.py 92 監視周期に達していません。
2013-04-03 15:27:32,149 DEBUG temperature_hygro.py 80 ロギングデータ:01, 27.5, 28.1
2013-04-03 15:27:45,688 DEBUG temperature_hygro.py 80 ロギングデータ:01, 27.5, 28.1
2013-04-03 15:28:00,638 DEBUG temperature_hygro.py 80 ロギングデータ:01, 27.5, 28.2
2013-04-03 15:28:11,860 DEBUG temperature_hygro.py 80 ロギングデータ:01, 27.3, 28.2
2013-04-03 15:28:25,699 DEBUG temperature_hygro.py 80 ロギングデータ:01, 27.2, 28.1
2013-04-03 15:28:30,204 DEBUG temperature_surveillance.py 90 監視周期: 60分, 監視回数: 57回
2013-04-03 15:28:30,217 DEBUG temperature_surveillance.py 92 監視周期に達していません。
2013-04-03 15:28:39,357 DEBUG temperature_hygro.py 80 ロギングデータ:01, 27.2, 28.0
2013-04-03 15:28:54,399 DEBUG temperature_hygro.py 80 ロギングデータ:01, 27.2, 27.8
2013-04-03 15:29:08,038 DEBUG temperature_hygro.py 80 ロギングデータ:01, 27.2, 28.1
2013-04-03 15:29:22,492 DEBUG temperature_hygro.py 80 ロギングデータ:01, 27.2, 28.2
2013-04-03 15:29:30,310 DEBUG temperature_surveillance.py 90 監視周期: 60分, 監視回数: 58回
2013-04-03 15:29:30,327 DEBUG temperature_surveillance.py 92 監視周期に達していません。
2013-04-03 15:29:34,024 DEBUG temperature_hygro.py 80 ロギングデータ:01, 27.2, 27.8
2013-04-03 15:29:44,769 DEBUG temperature_hygro.py 80 ロギングデータ:01, 27.2, 28.1
2013-04-03 15:29:58,320 DEBUG temperature_hygro.py 80 ロギングデータ:01, 27.1, 28.2
2013-04-03 15:30:13,067 DEBUG temperature_hygro.py 80 ロギングデータ:01, 27.2, 28.2
2013-04-03 15:30:25,993 DEBUG temperature_hygro.py 80 ロギングデータ:01, 27.1, 28.2
2013-04-03 15:30:30,459 DEBUG temperature_surveillance.py 90 監視周期: 60分, 監視回数: 59回
2013-04-03 15:30:30,477 DEBUG temperature_surveillance.py 92 監視周期に達していません。
2013-04-03 15:30:39,628 DEBUG temperature_hygro.py 80 ロギングデータ:01, 27.1, 28.2
2013-04-03 15:30:50,850 DEBUG temperature_hygro.py 80 ロギングデータ:01, 27.1, 28.3
2013-04-03 15:31:05,294 DEBUG temperature_hygro.py 80 ロギングデータ:01, 27.1, 28.3
2013-04-03 15:31:20,047 DEBUG temperature_hygro.py 80 ロギングデータ:01, 27.1, 28.5
2013-04-03 15:31:29,235 DEBUG airconditioner_controller.py 121 空調制御コントローラーNo.1番電圧取得回数:1回目
2013-04-03 15:31:30,621 DEBUG temperature_surveillance.py 90 監視周期: 60分, 監視回数: 60回
2013-04-03 15:31:30,640 DEBUG temperature_surveillance.py 111 読み込みデータ:15:31:30, 01, 27.1, 28.5

2013-04-03 15:31:30,658 DEBUG temperature_surveillance.py 127 限界値: 30.0,10.0,90.0,20.0
2013-04-03 15:31:30,668 DEBUG temperature_surveillance.py 128 警戒値: 28.0,15.0,80.0,25.0
2013-04-03 15:31:30,687 INFO temperature_surveillance.py 180 温湿度が閾値内に収まっているため運転停止コマンドを空調制御コマンドキューへ格納します。
2013-04-03 15:31:30,694 INFO temperature_surveillance.py 182 温湿度がしきい値内であるため空調機器停止コマンドを送信します。
2013-04-03 15:31:31,506 DEBUG temperature_hygro.py 80 ロギングデータ:01, 27.1, 28.5
2013-04-03 15:31:31,819 DEBUG airconditioner_controller.py 121 空調制御コントローラーNo.1番電圧取得回数:2回目
2013-04-03 15:31:34,271 DEBUG airconditioner_controller.py 121 空調制御コントローラーNo.1番電圧取得回数:3回目
2013-04-03 15:31:35,844 DEBUG airconditioner_controller.py 121 空調制御コントローラーNo.1番電圧取得回数:4回目
2013-04-03 15:31:36,314 WARNING airconditioner_controller.py 137 コントローラーNo.1 = 2746mV, 閾値 = 2.2V
2013-04-03 15:31:36,437 WARNING temperature_hygro.py 65 温湿度データが存在しません。
2013-04-03 15:31:36,454 DEBUG airconditioner_controller.py 57 空調制御コマンド送信: コントローラー番号 1: 送信コマンド: 1
2013-04-03 15:31:36,539 INFO airconditioner_controller.py 83 コマンド送信結果:0
2013-04-03 15:31:36,557 INFO airconditioner_controller.py 91 空調制御コマンドは正常に送信されました。
2013-04-03 15:31:44,843 DEBUG temperature_hygro.py 80 ロギングデータ:01, 27.1, 28.3
2013-04-03 15:31:58,679 DEBUG temperature_hygro.py 80 ロギングデータ:01, 27.1, 28.5
2013-04-03 15:32:10,353 DEBUG temperature_hygro.py 80 ロギングデータ:01, 27.0, 28.3
2013-04-03 15:32:21,975 DEBUG temperature_hygro.py 80 ロギングデータ:01, 27.0, 28.5
2013-04-03 15:32:30,798 DEBUG temperature_surveillance.py 90 監視周期: 60分, 監視回数: 1回
2013-04-03 15:32:30,817 DEBUG temperature_surveillance.py 92 監視周期に達していません。
2013-04-03 15:32:33,505 DEBUG temperature_hygro.py 80 ロギングデータ:01, 27.0, 28.3
2013-04-03 15:32:44,317 DEBUG temperature_hygro.py 80 ロギングデータ:01, 27.0, 28.5
2013-04-03 15:32:59,257 DEBUG temperature_hygro.py 80 ロギングデータ:01, 27.0, 28.5
2013-04-03 15:33:10,772 DEBUG temperature_hygro.py 80 ロギングデータ:01, 26.8, 28.2
2013-04-03 15:33:22,392 DEBUG temperature_hygro.py 80 ロギングデータ:01, 26.8, 28.2
2013-04-03 15:33:30,916 DEBUG temperature_surveillance.py 90 監視周期: 60分, 監視回数: 2回
2013-04-03 15:33:30,927 DEBUG temperature_surveillance.py 92 監視周期に達していません。
2013-04-03 15:33:32,506 DEBUG temperature_hygro.py 80 ロギングデータ:01, 26.8, 28.2
2013-04-03 15:33:47,446 DEBUG temperature_hygro.py 80 ロギングデータ:01, 26.8, 28.2
2013-04-03 15:34:02,286 DEBUG temperature_hygro.py 80 ロギングデータ:01, 26.8, 28.5
2013-04-03 15:34:14,204 DEBUG temperature_hygro.py 80 ロギングデータ:01, 26.7, 28.5
2013-04-03 15:34:29,249 DEBUG temperature_hygro.py 80 ロギングデータ:01, 26.7, 28.3
2013-04-03 15:34:31,031 DEBUG temperature_surveillance.py 90 監視周期: 60分, 監視回数: 3回
2013-04-03 15:34:31,047 DEBUG temperature_surveillance.py 92 監視周期に達していません。
2013-04-03 15:34:40,068 DEBUG temperature_hygro.py 80 ロギングデータ:01, 26.7, 28.6
2013-04-03 15:34:51,593 DEBUG temperature_hygro.py 80 ロギングデータ:01, 26.7, 28.5
2013-04-03 15:35:05,932 DEBUG temperature_hygro.py 80 ロギングデータ:01, 26.7, 28.2
2013-04-03 15:35:18,458 DEBUG temperature_hygro.py 80 ロギングデータ:01, 26.7, 28.5
2013-04-03 15:35:31,165 DEBUG temperature_surveillance.py 90 監視周期: 60分, 監視回数: 4回
2013-04-03 15:35:31,178 DEBUG temperature_surveillance.py 92 監視周期に達していません。
2013-04-03 15:35:32,906 DEBUG temperature_hygro.py 80 ロギングデータ:01, 26.7, 28.7
2013-04-03 15:35:43,917 DEBUG temperature_hygro.py 80 ロギングデータ:01, 26.7, 28.7
2013-04-03 15:35:54,535 DEBUG temperature_hygro.py 80 ロギングデータ:01, 26.7, 28.7
2013-04-03 15:36:05,255 DEBUG temperature_hygro.py 80 ロギングデータ:01, 26.7, 28.6
2013-04-03 15:36:15,965 DEBUG temperature_hygro.py 80 ロギングデータ:01, 26.7, 28.5
2013-04-03 15:36:29,196 DEBUG temperature_hygro.py 80 ロギングデータ:01, 26.7, 28.5
2013-04-03 15:36:31,326 DEBUG temperature_surveillance.py 90 監視周期: 60分, 監視回数: 5回
2013-04-03 15:36:31,337 DEBUG temperature_surveillance.py 92 監視周期に達していません。
2013-04-03 15:36:43,936 DEBUG temperature_hygro.py 80 ロギングデータ:01, 26.8, 28.5
2013-04-03 15:36:55,853 DEBUG temperature_hygro.py 80 ロギングデータ:01, 26.8, 28.6
2013-04-03 15:37:09,295 DEBUG temperature_hygro.py 80 ロギングデータ:01, 26.8, 28.5
2013-04-03 15:37:22,897 DEBUG temperature_hygro.py 80 ロギングデータ:01, 26.8, 28.6
2013-04-03 15:37:31,492 DEBUG temperature_surveillance.py 90 監視周期: 60分, 監視回数: 6回
2013-04-03 15:37:31,507 DEBUG temperature_surveillance.py 92 監視周期に達していません。
2013-04-03 15:37:37,436 DEBUG temperature_hygro.py 80 ロギングデータ:01, 26.8, 28.5
2013-04-03 15:37:50,401 DEBUG temperature_hygro.py 80 ロギングデータ:01, 26.8, 28.5
2013-04-03 15:38:04,156 DEBUG temperature_hygro.py 80 ロギングデータ:01, 27.0, 28.7
2013-04-03 15:38:16,779 DEBUG temperature_hygro.py 80 ロギングデータ:01, 27.0, 28.6
2013-04-03 15:38:31,122 DEBUG temperature_hygro.py 80 ロギングデータ:01, 27.1, 28.5
2013-04-03 15:38:31,602 DEBUG temperature_surveillance.py 90 監視周期: 60分, 監視回数: 7回
2013-04-03 15:38:31,617 DEBUG temperature_surveillance.py 92 監視周期に達していません。
2013-04-03 15:38:43,772 DEBUG temperature_hygro.py 80 ロギングデータ:01, 27.1, 28.7
2013-04-03 15:38:54,384 DEBUG temperature_hygro.py 80 ロギングデータ:01, 27.1, 28.7
2013-04-03 15:39:07,010 DEBUG temperature_hygro.py 80 ロギングデータ:01, 27.2, 28.7
2013-04-03 15:39:19,036 DEBUG temperature_hygro.py 80 ロギングデータ:01, 27.2, 28.5
2013-04-03 15:39:31,743 DEBUG temperature_surveillance.py 90 監視周期: 60分, 監視回数: 8回
2013-04-03 15:39:31,757 DEBUG temperature_surveillance.py 92 監視周期に達していません。
2013-04-03 15:39:31,879 DEBUG temperature_hygro.py 80 ロギングデータ:01, 27.2, 28.3
2013-04-03 15:39:45,635 DEBUG temperature_hygro.py 80 ロギングデータ:01, 27.2, 28.2
2013-04-03 15:39:57,152 DEBUG temperature_hygro.py 80 ロギングデータ:01, 27.2, 28.2
2013-04-03 15:40:11,209 DEBUG temperature_hygro.py 80 ロギングデータ:01, 27.2, 28.2
2013-04-03 15:40:25,753 DEBUG temperature_hygro.py 80 ロギングデータ:01, 27.2, 28.2
2013-04-03 15:40:31,858 DEBUG temperature_surveillance.py 90 監視周期: 60分, 監視回数: 9回
2013-04-03 15:40:31,877 DEBUG temperature_surveillance.py 92 監視周期に達していません。
2013-04-03 15:40:38,293 DEBUG temperature_hygro.py 80 ロギングデータ:01, 27.2, 28.2
2013-04-03 15:40:49,207 DEBUG temperature_hygro.py 80 ロギングデータ:01, 27.2, 28.1
2013-04-03 15:41:01,025 DEBUG temperature_hygro.py 80 ロギングデータ:01, 27.2, 28.1
2013-04-03 15:41:11,332 DEBUG temperature_hygro.py 80 ロギングデータ:01, 27.2, 28.1
2013-04-03 15:41:25,484 DEBUG temperature_hygro.py 80 ロギングデータ:01, 27.2, 28.1
2013-04-03 15:41:31,990 DEBUG temperature_surveillance.py 90 監視周期: 60分, 監視回数: 10回
2013-04-03 15:41:32,007 DEBUG temperature_surveillance.py 92 監視周期に達していません。
2013-04-03 15:41:36,812 DEBUG temperature_hygro.py 80 ロギングデータ:01, 27.2, 28.1
2013-04-03 15:41:48,634 DEBUG temperature_hygro.py 80 ロギングデータ:01, 27.1, 28.1
2013-04-03 15:42:02,066 DEBUG temperature_hygro.py 80 ロギングデータ:01, 27.1, 28.0
2013-04-03 15:42:12,579 DEBUG temperature_hygro.py 80 ロギングデータ:01, 27.1, 28.1
2013-04-03 15:42:25,614 DEBUG temperature_hygro.py 80 ロギングデータ:01, 27.1, 28.1
2013-04-03 15:42:32,157 DEBUG temperature_surveillance.py 90 監視周期: 60分, 監視回数: 11回
2013-04-03 15:42:32,167 DEBUG temperature_surveillance.py 92 監視周期に達していません。
2013-04-03 15:42:40,064 DEBUG temperature_hygro.py 80 ロギングデータ:01, 27.1, 28.2
2013-04-03 15:42:51,380 DEBUG temperature_hygro.py 80 ロギングデータ:01, 27.1, 28.2
2013-04-03 15:43:04,312 DEBUG temperature_hygro.py 80 ロギングデータ:01, 27.1, 28.2
2013-04-03 15:43:15,631 DEBUG temperature_hygro.py 80 ロギングデータ:01, 27.1, 28.2
2013-04-03 15:43:28,260 DEBUG temperature_hygro.py 80 ロギングデータ:01, 27.1, 28.2
2013-04-03 15:43:32,309 DEBUG temperature_surveillance.py 90 監視周期: 60分, 監視回数: 12回
2013-04-03 15:43:32,327 DEBUG temperature_surveillance.py 92 監視周期に達していません。
2013-04-03 15:43:41,395 DEBUG temperature_hygro.py 80 ロギングデータ:01, 27.1, 28.2
2013-04-03 15:43:55,389 DEBUG temperature_hygro.py 80 ロギングデータ:01, 27.1, 28.2
2013-04-03 15:44:09,329 DEBUG temperature_hygro.py 80 ロギングデータ:01, 27.0, 28.3
2013-04-03 15:44:24,191 DEBUG temperature_hygro.py 80 ロギングデータ:01, 27.0, 28.3
2013-04-03 15:44:32,414 DEBUG temperature_surveillance.py 90 監視周期: 60分, 監視回数: 13回
2013-04-03 15:44:32,427 DEBUG temperature_surveillance.py 92 監視周期に達していません。
2013-04-03 15:44:36,122 DEBUG temperature_hygro.py 80 ロギングデータ:01, 27.0, 28.2
2013-04-03 15:44:48,652 DEBUG temperature_hygro.py 80 ロギングデータ:01, 27.0, 28.3
2013-04-03 15:44:59,466 DEBUG temperature_hygro.py 80 ロギングデータ:01, 27.0, 28.3
2013-04-03 15:45:11,691 DEBUG temperature_hygro.py 80 ロギングデータ:01, 26.8, 28.1
2013-04-03 15:45:21,801 DEBUG temperature_hygro.py 80 ロギングデータ:01, 26.8, 28.2
2013-04-03 15:45:32,563 DEBUG temperature_surveillance.py 90 監視周期: 60分, 監視回数: 14回
2013-04-03 15:45:32,577 DEBUG temperature_surveillance.py 92 監視周期に達していません。
2013-04-03 15:45:36,654 DEBUG temperature_hygro.py 80 ロギングデータ:01, 26.8, 28.2
2013-04-03 15:45:46,861 DEBUG temperature_hygro.py 80 ロギングデータ:01, 26.8, 28.2
2013-04-03 15:45:58,583 DEBUG temperature_hygro.py 80 ロギングデータ:01, 26.8, 28.3
2013-04-03 15:46:11,098 DEBUG temperature_hygro.py 80 ロギングデータ:01, 26.7, 28.3
2013-04-03 15:46:24,034 DEBUG temperature_hygro.py 80 ロギングデータ:01, 26.7, 28.3
2013-04-03 15:46:32,721 DEBUG temperature_surveillance.py 90 監視周期: 60分, 監視回数: 15回
2013-04-03 15:46:32,737 DEBUG temperature_surveillance.py 92 監視周期に達していません。
2013-04-03 15:46:38,173 DEBUG temperature_hygro.py 80 ロギングデータ:01, 26.7, 28.3
2013-04-03 15:46:50,195 DEBUG temperature_hygro.py 80 ロギングデータ:01, 26.7, 28.5
2013-04-03 15:47:03,928 DEBUG temperature_hygro.py 80 ロギングデータ:01, 26.7, 28.2
2013-04-03 15:47:17,381 DEBUG temperature_hygro.py 80 ロギングデータ:01, 26.7, 28.3
2013-04-03 15:47:27,894 DEBUG temperature_hygro.py 80 ロギングデータ:01, 26.7, 28.5
2013-04-03 15:47:32,890 DEBUG temperature_surveillance.py 90 監視周期: 60分, 監視回数: 16回
2013-04-03 15:47:32,917 DEBUG temperature_surveillance.py 92 監視周期に達していません。
2013-04-03 15:47:39,718 DEBUG temperature_hygro.py 80 ロギングデータ:01, 26.6, 28.6
2013-04-03 15:47:50,031 DEBUG temperature_hygro.py 80 ロギングデータ:01, 26.6, 28.5
2013-04-03 15:48:00,644 DEBUG temperature_hygro.py 80 ロギングデータ:01, 26.6, 28.5
2013-04-03 15:48:11,863 DEBUG temperature_hygro.py 80 ロギングデータ:01, 26.6, 28.6
2013-04-03 15:48:23,683 DEBUG temperature_hygro.py 80 ロギングデータ:01, 26.6, 28.7
2013-04-03 15:48:33,072 DEBUG temperature_surveillance.py 90 監視周期: 60分, 監視回数: 17回
2013-04-03 15:48:33,087 DEBUG temperature_surveillance.py 92 監視周期に達していません。
2013-04-03 15:48:35,523 DEBUG temperature_hygro.py 80 ロギングデータ:01, 26.5, 28.8
2013-04-03 15:48:47,244 DEBUG temperature_hygro.py 80 ロギングデータ:01, 26.5, 29.2
2013-04-03 15:48:58,767 DEBUG temperature_hygro.py 80 ロギングデータ:01, 26.6, 29.2
2013-04-03 15:49:10,184 DEBUG temperature_hygro.py 80 ロギングデータ:01, 26.6, 29.2
2013-04-03 15:49:23,931 DEBUG temperature_hygro.py 80 ロギングデータ:01, 26.6, 29.2
2013-04-03 15:49:33,232 DEBUG temperature_surveillance.py 90 監視周期: 60分, 監視回数: 18回
2013-04-03 15:49:33,247 DEBUG temperature_surveillance.py 92 監視周期に達していません。
2013-04-03 15:49:35,555 DEBUG temperature_hygro.py 80 ロギングデータ:01, 26.6, 29.1
2013-04-03 15:49:45,762 DEBUG temperature_hygro.py 80 ロギングデータ:01, 26.6, 29.0
2013-04-03 15:49:55,873 DEBUG temperature_hygro.py 80 ロギングデータ:01, 26.6, 29.0
2013-04-03 15:50:07,193 DEBUG temperature_hygro.py 80 ロギングデータ:01, 26.7, 29.1
2013-04-03 15:50:19,823 DEBUG temperature_hygro.py 80 ロギングデータ:01, 26.7, 29.2
2013-04-03 15:50:33,386 DEBUG temperature_surveillance.py 90 監視周期: 60分, 監視回数: 19回
2013-04-03 15:50:33,397 DEBUG temperature_surveillance.py 92 監視周期に達していません。
2013-04-03 15:50:34,576 DEBUG temperature_hygro.py 80 ロギングデータ:01, 26.7, 29.7
2013-04-03 15:50:45,896 DEBUG temperature_hygro.py 80 ロギングデータ:01, 26.7, 29.3
2013-04-03 15:50:56,405 DEBUG temperature_hygro.py 80 ロギングデータ:01, 26.7, 29.2
2013-04-03 15:51:09,031 DEBUG temperature_hygro.py 80 ロギングデータ:01, 26.7, 29.0
2013-04-03 15:51:21,975 DEBUG temperature_hygro.py 80 ロギングデータ:01, 26.7, 28.7
2013-04-03 15:51:33,545 DEBUG temperature_surveillance.py 90 監視周期: 60分, 監視回数: 20回
2013-04-03 15:51:33,557 DEBUG temperature_surveillance.py 92 監視周期に達していません。
2013-04-03 15:51:35,512 DEBUG temperature_hygro.py 80 ロギングデータ:01, 26.7, 28.8
2013-04-03 15:51:46,228 DEBUG temperature_hygro.py 80 ロギングデータ:01, 26.7, 28.7
2013-04-03 15:51:58,666 DEBUG temperature_hygro.py 80 ロギングデータ:01, 26.7, 28.6
2013-04-03 15:52:10,639 DEBUG temperature_hygro.py 80 ロギングデータ:01, 26.7, 28.5
2013-04-03 15:52:24,590 DEBUG temperature_hygro.py 80 ロギングデータ:01, 26.8, 28.3
2013-04-03 15:52:33,719 DEBUG temperature_surveillance.py 90 監視周期: 60分, 監視回数: 21回
2013-04-03 15:52:33,737 DEBUG temperature_surveillance.py 92 監視周期に達していません。
2013-04-03 15:52:34,705 DEBUG temperature_hygro.py 80 ロギングデータ:01, 26.8, 28.5
2013-04-03 15:52:46,342 DEBUG temperature_hygro.py 80 ロギングデータ:01, 27.0, 28.7
2013-04-03 15:52:58,568 DEBUG temperature_hygro.py 80 ロギングデータ:01, 26.8, 28.3
2013-04-03 15:53:08,682 DEBUG temperature_hygro.py 80 ロギングデータ:01, 27.0, 28.7
2013-04-03 15:53:18,993 DEBUG temperature_hygro.py 80 ロギングデータ:01, 27.0, 28.8
2013-04-03 15:53:33,337 DEBUG temperature_hygro.py 80 ロギングデータ:01, 26.8, 28.7
2013-04-03 15:53:33,883 DEBUG temperature_surveillance.py 90 監視周期: 60分, 監視回数: 22回
2013-04-03 15:53:33,897 DEBUG temperature_surveillance.py 92 監視周期に達していません。
2013-04-03 15:53:44,957 DEBUG temperature_hygro.py 80 ロギングデータ:01, 26.8, 28.5
2013-04-03 15:53:55,162 DEBUG temperature_hygro.py 80 ロギングデータ:01, 26.8, 28.7
2013-04-03 15:54:09,507 DEBUG temperature_hygro.py 80 ロギングデータ:01, 26.8, 28.7
2013-04-03 15:54:22,435 DEBUG temperature_hygro.py 80 ロギングデータ:01, 26.8, 28.5
2013-04-03 15:54:32,945 DEBUG temperature_hygro.py 80 ロギングデータ:01, 26.8, 28.3
2013-04-03 15:54:34,034 DEBUG temperature_surveillance.py 90 監視周期: 60分, 監視回数: 23回
2013-04-03 15:54:34,047 DEBUG temperature_surveillance.py 92 監視周期に達していません。
2013-04-03 15:54:47,598 DEBUG temperature_hygro.py 80 ロギングデータ:01, 26.8, 28.2
2013-04-03 15:55:02,549 DEBUG temperature_hygro.py 80 ロギングデータ:01, 26.8, 28.2
2013-04-03 15:55:13,065 DEBUG temperature_hygro.py 80 ロギングデータ:01, 26.8, 28.2
2013-04-03 15:55:27,323 DEBUG temperature_hygro.py 80 ロギングデータ:01, 26.8, 28.2
2013-04-03 15:55:34,191 DEBUG temperature_surveillance.py 90 監視周期: 60分, 監視回数: 24回
2013-04-03 15:55:34,207 DEBUG temperature_surveillance.py 92 監視周期に達していません。
2013-04-03 15:55:39,651 DEBUG temperature_hygro.py 80 ロギングデータ:01, 26.8, 28.1
2013-04-03 15:55:50,971 DEBUG temperature_hygro.py 80 ロギングデータ:01, 26.8, 28.1
2013-04-03 15:56:03,100 DEBUG temperature_hygro.py 80 ロギングデータ:01, 26.8, 27.8
2013-04-03 15:56:14,531 DEBUG temperature_hygro.py 80 ロギングデータ:01, 26.8, 28.0
2013-04-03 15:56:26,164 DEBUG temperature_hygro.py 80 ロギングデータ:01, 26.7, 28.0
2013-04-03 15:56:34,359 DEBUG temperature_surveillance.py 90 監視周期: 60分, 監視回数: 25回
2013-04-03 15:56:34,377 DEBUG temperature_surveillance.py 92 監視周期に達していません。
2013-04-03 15:56:39,097 DEBUG temperature_hygro.py 80 ロギングデータ:01, 26.7, 28.0
2013-04-03 15:56:52,631 DEBUG temperature_hygro.py 80 ロギングデータ:01, 26.7, 28.0
2013-04-03 15:57:04,162 DEBUG temperature_hygro.py 80 ロギングデータ:01, 26.7, 28.1
2013-04-03 15:57:16,291 DEBUG temperature_hygro.py 80 ロギングデータ:01, 26.7, 28.0
2013-04-03 15:57:26,504 DEBUG temperature_hygro.py 80 ロギングデータ:01, 26.7, 28.1
2013-04-03 15:57:34,530 DEBUG temperature_surveillance.py 90 監視周期: 60分, 監視回数: 26回
2013-04-03 15:57:34,547 DEBUG temperature_surveillance.py 92 監視周期に達していません。
2013-04-03 15:57:36,612 DEBUG temperature_hygro.py 80 ロギングデータ:01, 26.7, 28.2
2013-04-03 15:57:50,262 DEBUG temperature_hygro.py 80 ロギングデータ:01, 26.7, 28.2
2013-04-03 15:58:00,373 DEBUG temperature_hygro.py 80 ロギングデータ:01, 26.7, 28.3
2013-04-03 15:58:11,085 DEBUG temperature_hygro.py 80 ロギングデータ:01, 26.7, 28.3
2013-04-03 15:58:26,073 DEBUG temperature_hygro.py 80 ロギングデータ:01, 26.7, 28.3
2013-04-03 15:58:34,748 DEBUG temperature_surveillance.py 90 監視周期: 60分, 監視回数: 27回
2013-04-03 15:58:34,777 DEBUG temperature_surveillance.py 92 監視周期に達していません。
2013-04-03 15:58:38,635 DEBUG temperature_hygro.py 80 ロギングデータ:01, 26.7, 28.5
2013-04-03 15:58:52,585 DEBUG temperature_hygro.py 80 ロギングデータ:01, 26.7, 28.5
2013-04-03 15:59:03,001 DEBUG temperature_hygro.py 80 ロギングデータ:01, 26.7, 28.5
2013-04-03 15:59:16,851 DEBUG temperature_hygro.py 80 ロギングデータ:01, 26.7, 28.5
2013-04-03 15:59:27,080 DEBUG temperature_hygro.py 80 ロギングデータ:01, 26.6, 28.5
2013-04-03 15:59:34,902 DEBUG temperature_surveillance.py 90 監視周期: 60分, 監視回数: 28回
2013-04-03 15:59:34,917 DEBUG temperature_surveillance.py 92 監視周期に達していません。
2013-04-03 15:59:39,021 DEBUG temperature_hygro.py 80 ロギングデータ:01, 26.6, 28.5
2013-04-03 15:59:54,078 DEBUG temperature_hygro.py 80 ロギングデータ:01, 26.6, 28.6
2013-04-03 16:00:06,536 DEBUG temperature_hygro.py 80 ロギングデータ:01, 26.6, 28.7
2013-04-03 16:00:16,844 DEBUG temperature_hygro.py 80 ロギングデータ:01, 26.6, 28.2
2013-04-03 16:00:31,820 DEBUG temperature_hygro.py 80 ロギングデータ:01, 26.6, 28.2
2013-04-03 16:00:35,060 DEBUG temperature_surveillance.py 90 監視周期: 60分, 監視回数: 29回
2013-04-03 16:00:35,077 DEBUG temperature_surveillance.py 92 監視周期に達していません。
2013-04-03 16:00:45,274 DEBUG temperature_hygro.py 80 ロギングデータ:01, 26.5, 28.5
2013-04-03 16:00:57,101 DEBUG temperature_hygro.py 80 ロギングデータ:01, 26.5, 28.6
2013-04-03 16:01:08,927 DEBUG temperature_hygro.py 80 ロギングデータ:01, 26.6, 28.7
2013-04-03 16:01:23,989 DEBUG temperature_hygro.py 80 ロギングデータ:01, 26.5, 28.7
2013-04-03 16:01:35,229 DEBUG temperature_surveillance.py 90 監視周期: 60分, 監視回数: 30回
2013-04-03 16:01:35,247 DEBUG temperature_surveillance.py 92 監視周期に達していません。
2013-04-03 16:01:37,198 DEBUG temperature_hygro.py 80 ロギングデータ:01, 26.6, 28.7
2013-04-03 16:01:48,012 DEBUG temperature_hygro.py 80 ロギングデータ:01, 26.6, 28.7
2013-04-03 16:01:59,937 DEBUG temperature_hygro.py 80 ロギングデータ:01, 26.6, 28.7
2013-04-03 16:02:10,345 DEBUG temperature_hygro.py 80 ロギングデータ:01, 26.6, 28.7
2013-04-03 16:02:22,173 DEBUG temperature_hygro.py 80 ロギングデータ:01, 26.7, 28.6
2013-04-03 16:02:35,382 DEBUG temperature_surveillance.py 90 監視周期: 60分, 監視回数: 31回
2013-04-03 16:02:35,397 DEBUG temperature_surveillance.py 92 監視周期に達していません。
2013-04-03 16:02:35,513 DEBUG temperature_hygro.py 80 ロギングデータ:01, 26.7, 28.5
2013-04-03 16:02:47,139 DEBUG temperature_hygro.py 80 ロギングデータ:01, 26.7, 28.3
